1560911351823	mozrunner::runner	INFO	Running command: "E:\\SOFT\\Firefox\\firefox.exe" "-marionette" "-foreground" "-no-remote" "-profile" "C:\\Users\\ADMINI~1\\AppData\\Local\\Temp\\rust_mozprofile.hOFZXdmPxqKi"
1560911352164	addons.webextension.screenshots@mozilla.org	WARN	Loading extension 'screenshots@mozilla.org': Reading manifest: Invalid extension permission: mozillaAddons
1560911352165	addons.webextension.screenshots@mozilla.org	WARN	Loading extension 'screenshots@mozilla.org': Reading manifest: Invalid extension permission: resource://pdf.js/
1560911352165	addons.webextension.screenshots@mozilla.org	WARN	Loading extension 'screenshots@mozilla.org': Reading manifest: Invalid extension permission: about:reader*
1560911353461	Marionette	INFO	Listening on port 54477
1560911353486	Marionette	WARN	TLS certificate errors will be ignored for this session
1560911621024	mozrunner::runner	INFO	Running command: "E:\\SOFT\\Firefox\\firefox.exe" "-marionette" "-foreground" "-no-remote" "-profile" "C:\\Users\\ADMINI~1\\AppData\\Local\\Temp\\rust_mozprofile.PNmy6dED3xqj"
1560911621368	addons.webextension.screenshots@mozilla.org	WARN	Loading extension 'screenshots@mozilla.org': Reading manifest: Invalid extension permission: mozillaAddons
1560911621369	addons.webextension.screenshots@mozilla.org	WARN	Loading extension 'screenshots@mozilla.org': Reading manifest: Invalid extension permission: resource://pdf.js/
1560911621369	addons.webextension.screenshots@mozilla.org	WARN	Loading extension 'screenshots@mozilla.org': Reading manifest: Invalid extension permission: about:reader*
1560911622651	Marionette	INFO	Listening on port 54568
1560911622677	Marionette	WARN	TLS certificate errors will be ignored for this session
1560912193859	Marionette	WARN	TimedPromise timed out after 500 ms: stacktrace:
bail@chrome://marionette/content/sync.js:223:64
1560912223527	Marionette	WARN	TimedPromise timed out after 500 ms: stacktrace:
bail@chrome://marionette/content/sync.js:223:64
1560912497812	Marionette	WARN	TimedPromise timed out after 500 ms: stacktrace:
bail@chrome://marionette/content/sync.js:223:64
console.error: BroadcastService: 
  receivedBroadcastMessage: handler for
  remote-settings/monitor_changes
  threw error:
  Message: Error: Polling for changes failed: http://%(server)s/dummy/blocklist//buckets/monitor/collections/changes/records?_expected=%221560874615921%22 is not a valid URL..
  Stack:
    remoteSettingsFunction/remoteSettings.pollChanges@resource://services-settings/remote-settings.js:203:13

1560915446393	mozrunner::runner	INFO	Running command: "E:\\SOFT\\Firefox\\firefox.exe" "-marionette" "-foreground" "-no-remote" "-profile" "C:\\Users\\ADMINI~1\\AppData\\Local\\Temp\\rust_mozprofile.3MMOOjqZJhUQ"
1560915447230	addons.webextension.screenshots@mozilla.org	WARN	Loading extension 'screenshots@mozilla.org': Reading manifest: Invalid extension permission: mozillaAddons
1560915447230	addons.webextension.screenshots@mozilla.org	WARN	Loading extension 'screenshots@mozilla.org': Reading manifest: Invalid extension permission: resource://pdf.js/
1560915447230	addons.webextension.screenshots@mozilla.org	WARN	Loading extension 'screenshots@mozilla.org': Reading manifest: Invalid extension permission: about:reader*
1560915448872	Marionette	INFO	Listening on port 55629
1560915448972	Marionette	WARN	TLS certificate errors will be ignored for this session
JavaScript error: http://211.166.76.62/2019cjfb/printInfo.do?activity=cjddy&number=64F52120F00E5DDA68C6FC290C111AECAAECA87CE6B93134&name=7FC712D03EE453E4&yznumber=3FFD812ABC4D3319, line 96: TypeError: document.getElementById(...) is null
JavaScript error: http://211.166.76.62/2019cjfb/printInfo.do?activity=cjddy&number=64F52120F00E5DDA68C6FC290C111AECAAECA87CE6B93134&name=7FC712D03EE453E4&yznumber=3FFD812ABC4D3319, line 96: TypeError: document.getElementById(...) is null
JavaScript error: http://211.166.76.62/2019cjfb/printInfo.do?activity=cjddy&number=64F52120F00E5DDA68C6FC290C111AECAAECA87CE6B93134&name=7FC712D03EE453E4&yznumber=3FFD812ABC4D3319, line 96: TypeError: document.getElementById(...) is null
JavaScript error: http://211.166.76.62/2019cjfb/printInfo.do?activity=cjddy&number=64F52120F00E5DDA68C6FC290C111AECAAECA87CE6B93134&name=7FC712D03EE453E4&yznumber=3FFD812ABC4D3319, line 96: TypeError: document.getElementById(...) is null
console.error: BroadcastService: 
  receivedBroadcastMessage: handler for
  remote-settings/monitor_changes
  threw error:
  Message: Error: Polling for changes failed: http://%(server)s/dummy/blocklist//buckets/monitor/collections/changes/records?_expected=%221560874615921%22 is not a valid URL..
  Stack:
    remoteSettingsFunction/remoteSettings.pollChanges@resource://services-settings/remote-settings.js:203:13

[Child 5580, Chrome_ChildThread] WARNING: pipe error: 109: file z:/task_1559936101/build/src/ipc/chromium/src/chrome/common/ipc_channel_win.cc, line 341
[Child 5580, Chrome_ChildThread] WARNING: pipe error: 109: file z:/task_1559936101/build/src/ipc/chromium/src/chrome/common/ipc_ch[Parent 7300, Gecko_IOThread] WARNING: pipe error: 109: file z:/task_1559936101/build/src/ipc/chromium/src/chrome/common/ipc_channel_win.cc, line 341
[Child 13808, Chrome_ChildThread] WARNING: pipe error: 109: file z:/task_1559936101/build/src/ipc/chromium/src/chrome/common/ipc_channel_win.cc, line 341
[Child 13808, Chrome_ChildThread] WARNING: pipe error: 109: file z:/task_1559936101/build/src/ipc/chromium/src/chrome/common/ipc_channel_win.cc, line 341
1560916343969	Marionette	INFO	Stopped listening on port 55629
[GPU 2
###!!! [Child][MessageChannel::SendAndWait] Error: Channel error: cannot send/recv

1560917199556	mozrunner::runner	INFO	Running command: "E:\\SOFT\\Firefox\\firefox.exe" "-marionette" "-foreground" "-no-remote" "-profile" "C:\\Users\\ADMINI~1\\AppData\\Local\\Temp\\rust_mozprofile.F18Cg9yyEOIe"
1560917199893	addons.webextension.screenshots@mozilla.org	WARN	Loading extension 'screenshots@mozilla.org': Reading manifest: Invalid extension permission: mozillaAddons
1560917199893	addons.webextension.screenshots@mozilla.org	WARN	Loading extension 'screenshots@mozilla.org': Reading manifest: Invalid extension permission: resource://pdf.js/
1560917199893	addons.webextension.screenshots@mozilla.org	WARN	Loading extension 'screenshots@mozilla.org': Reading manifest: Invalid extension permission: about:reader*
1560917201188	Marionette	INFO	Listening on port 55940
1560917201220	Marionette	WARN	TLS certificate errors will be ignored for this session
console.error: BroadcastService: 
  receivedBroadcastMessage: handler for
  remote-settings/monitor_changes
  threw error:
  Message: Error: Polling for changes failed: http://%(server)s/dummy/blocklist//buckets/monitor/collections/changes/records?_expected=%221560874615921%22 is not a valid URL..
  Stack:
    remoteSettingsFunction/remoteSettings.pollChanges@resource://services-settings/remote-settings.js:203:13

1560917382766	Marionette	WARN	TimedPromise timed out after 500 ms: stacktrace:
bail@chrome://marionette/content/sync.js:223:64
1560917385715	Marionette	WARN	TimedPromise timed out after 500 ms: stacktrace:
bail@chrome://marionette/content/sync.js:223:64
1560917390367	Marionette	WARN	TimedPromise timed out after 500 ms: stacktrace:
bail@chrome://marionette/content/sync.js:223:64
1560917391517	Marionette	WARN	TimedPromise timed out after 500 ms: stacktrace:
bail@chrome://marionette/content/sync.js:223:64
1560917402325	Marionette	WARN	TimedPromise timed out after 500 ms: stacktrace:
bail@chrome://marionette/content/sync.js:223:64
1560917430094	Marionette	WARN	TimedPromise timed out after 500 ms: stacktrace:
bail@chrome://marionette/content/sync.js:223:64
1560918188929	Marionette	WARN	TimedPromise timed out after 500 ms: stacktrace:
bail@chrome://marionette/content/sync.js:223:64
1560918316651	Marionette	WARN	TimedPromise timed out after 500 ms: stacktrace:
bail@chrome://marionette/content/sync.js:223:64
1560918347650	Marionette	WARN	TimedPromise timed out after 500 ms: stacktrace:
bail@chrome://marionette/content/sync.js:223:64
1560918355764	Marionette	WARN	TimedPromise timed out after 500 ms: stacktrace:
bail@chrome://marionette/content/sync.js:223:64
1560918588477	Marionette	WARN	TimedPromise timed out after 500 ms: stacktrace:
bail@chrome://marionette/content/sync.js:223:64
1560918595415	Marionette	WARN	TimedPromise timed out after 500 ms: stacktrace:
bail@chrome://marionette/content/sync.js:223:64
1560918871545	Marionette	WARN	TimedPromise timed out after 500 ms: stacktrace:
bail@chrome://marionette/content/sync.js:223:64
1560919189251	Marionette	WARN	TimedPromise timed out after 500 ms: stacktrace:
bail@chrome://marionette/content/sync.js:223:64
1560919289319	Marionette	WARN	TimedPromise timed out after 500 ms: stacktrace:
bail@chrome://marionette/content/sync.js:223:64
[Parent 9616, Gecko_IOThread] WARNING: pipe error: 109: file z:/task_1559936101/build/src/ipc/chromium/src/chrome/common/ipc_channel_win.cc, line 341
[Parent 9616, Gecko_IOThread] WARNING: pipe error: 109: file z:/task_1559936101/build/src/ipc/chromium/src/chrome/common/ipc_channel_win.cc, line 341
[Child 6808, Chrome_ChildThread] WARNING: pipe error: 109: file z:/task_1559936101/build/src/ipc/chromium/src/chrome/common/ipc_channel_win.cc, line 341
[Chil[Parent 9616, Gecko_IOThread] WARNING: pipe error: 109: file z:/task_1559936101/build/src/ipc/chromium/src/chrome/common/ipc_channel_win.cc, line 341
[Parent 9616, Gecko_IOThread] WARNING: file z:/task_1559936101/build/src/ipc/chromium/src/base/process_util_win.cc, line 160
1560921070681	Marionette	INFO	Stopped listening on port 55940
[
###!!! [Child][MessageChannel::SendAndWait] Error: Channel error: cannot send/recv

1560923497036	mozrunner::runner	INFO	Running command: "E:\\SOFT\\Firefox\\firefox.exe" "-marionette" "-foreground" "-no-remote" "-profile" "C:\\Users\\ADMINI~1\\AppData\\Local\\Temp\\rust_mozprofile.03zKcHVBtnhS"
1560923497489	addons.webextension.screenshots@mozilla.org	WARN	Loading extension 'screenshots@mozilla.org': Reading manifest: Invalid extension permission: mozillaAddons
1560923497490	addons.webextension.screenshots@mozilla.org	WARN	Loading extension 'screenshots@mozilla.org': Reading manifest: Invalid extension permission: resource://pdf.js/
1560923497490	addons.webextension.screenshots@mozilla.org	WARN	Loading extension 'screenshots@mozilla.org': Reading manifest: Invalid extension permission: about:reader*
1560923498757	Marionette	INFO	Listening on port 62838
1560923499197	Marionette	WARN	TLS certificate errors will be ignored for this session
console.error: BroadcastService: 
  receivedBroadcastMessage: handler for
  remote-settings/monitor_changes
  threw error:
  Message: Error: Polling for changes failed: http://%(server)s/dummy/blocklist//buckets/monitor/collections/changes/records?_expected=%221560874615921%22 is not a valid URL..
  Stack:
    remoteSettingsFunction/remoteSettings.pollChanges@resource://services-settings/remote-settings.js:203:13

1560923658182	Marionette	WARN	TimedPromise timed out after 500 ms: stacktrace:
bail@chrome://marionette/content/sync.js:223:64
[Child 6812, Chrome_ChildThread] WARNING: pipe error: 109: file z:/task_1559936101/build/src/ipc/chromium/src/chrome/common/ipc_channel_win.cc, line 341
[Child 12340, Chrome_ChildThread] WARNING: pipe error: 109: file z:/task_1559936101/build/src/ipc/chromium/src/chrome/common/ipc_channel_win.cc, line 341
[Child 12340, Chrome_ChildThr[Parent 15016, Gecko_IOThread] WARNING: pipe error: 109: file z:/task_1559936101/build/src/ipc/chromium/src/chrome/common/ipc_channel_win.cc, line 341
[Child 7252, Chrome_ChildThread] WARNING: pipe error: 109: file z:/task_1559936101/build/src/ipc/chromium/src/chrome/common/ipc_channel_win.cc, line 341
[Child 7252, Chrome_ChildThread] WARNING: pipe error: 109: file z:/task_11560926142098	Marionette	INFO	Stopped listening on port 62838
1560929914534	mozrunner::runner	INFO	Running command: "E:\\SOFT\\Firefox\\firefox.exe" "-marionette" "-foreground" "-no-remote" "-profile" "C:\\Users\\ADMINI~1\\AppData\\Local\\Temp\\rust_mozprofile.aNGX54xrauMR"
1560929915206	addons.webextension.screenshots@mozilla.org	WARN	Loading extension 'screenshots@mozilla.org': Reading manifest: Invalid extension permission: mozillaAddons
1560929915206	addons.webextension.screenshots@mozilla.org	WARN	Loading extension 'screenshots@mozilla.org': Reading manifest: Invalid extension permission: resource://pdf.js/
1560929915206	addons.webextension.screenshots@mozilla.org	WARN	Loading extension 'screenshots@mozilla.org': Reading manifest: Invalid extension permission: about:reader*
1560929916628	Marionette	INFO	Listening on port 58950
1560929917017	Marionette	WARN	TLS certificate errors will be ignored for this session
1560930488160	Marionette	WARN	TimedPromise timed out after 500 ms: stacktrace:
bail@chrome://marionette/content/sync.js:223:64
1560930527536	Marionette	WARN	TimedPromise timed out after 500 ms: stacktrace:
bail@chrome://marionette/content/sync.js:223:64
console.error: BroadcastService: 
  receivedBroadcastMessage: handler for
  remote-settings/monitor_changes
  threw error:
  Message: Error: Polling for changes failed: http://%(server)s/dummy/blocklist//buckets/monitor/collections/changes/records?_expected=%221560874615921%22 is not a valid URL..
  Stack:
    remoteSettingsFunction/remoteSettings.pollChanges@resource://services-settings/remote-settings.js:203:13

[Child 8588, Chrome_ChildThread] WARNING: pipe error: 109: file z:/task_1559936101/build/src/ipc/chromium/src/chrome/common/ipc_channel_win.cc, line 341
[Child [Parent 1548, Gecko_IOThread] WARNING: pipe error: 109: file z:/task_1559936101/build/src/ipc/chromium/src/chrome/common/ipc_channel_win.cc, line 341
[Child 10296, Chrome_ChildThread] WARNING: pipe error: 109: file z:/task_1559936101/build/src/ipc/chromium/src/chrome/common/ipc_channel_win.cc, line 341
[Child 10296, Chrome_ChildThread] WARNING: pipe error: 109: fil[Parent 1548, Gecko_IOThread] WARNING: pipe error: 109: file z:/task_1559936101/build/src/ipc/chromium/src/chrome/common/ipc_channel_win.cc, line 341
1560931490664	Marionette	INFO	Stopped listening on port 58950

###!!! [Child][MessageChannel::SendAndWait] Error: Channel error: cannot send/recv

1560931662824	mozrunner::runner	INFO	Running command: "E:\\SOFT\\Firefox\\firefox.exe" "-marionette" "-foreground" "-no-remote" "-profile" "C:\\Users\\ADMINI~1\\AppData\\Local\\Temp\\rust_mozprofile.V5D4kVckg024"
1560931663148	addons.webextension.screenshots@mozilla.org	WARN	Loading extension 'screenshots@mozilla.org': Reading manifest: Invalid extension permission: mozillaAddons
1560931663148	addons.webextension.screenshots@mozilla.org	WARN	Loading extension 'screenshots@mozilla.org': Reading manifest: Invalid extension permission: resource://pdf.js/
1560931663148	addons.webextension.screenshots@mozilla.org	WARN	Loading extension 'screenshots@mozilla.org': Reading manifest: Invalid extension permission: about:reader*
1560931664587	Marionette	INFO	Listening on port 59386
1560931664944	Marionette	WARN	TLS certificate errors will be ignored for this session
JavaScript error: http://211.166.76.62/2019cjfb/printInfo.do?activity=cjddy&number=64F52120F00E5DDA3A9A7FA2C2A681A1F359428ACD44D404&name=5D19B076A7FE06A1&yznumber=DDB1874FEE693E93, line 96: TypeError: document.getElementById(...) is null
JavaScript error: http://211.166.76.62/2019cjfb/printInfo.do?activity=cjddy&number=64F52120F00E5DDA3A9A7FA2C2A681A1F359428ACD44D404&name=5D19B076A7FE06A1&yznumber=DDB1874FEE693E93, line 96: TypeError: document.getElementById(...) is null
JavaScript error: http://211.166.76.62/2019cjfb/printInfo.do?activity=cjddy&number=64F52120F00E5DDA3A9A7FA2C2A681A1F359428ACD44D404&name=5D19B076A7FE06A1&yznumber=DDB1874FEE693E93, line 96: TypeError: document.getElementById(...) is null
JavaScript error: http://211.166.76.62/2019cjfb/printInfo.do?activity=cjddy&number=64F52120F00E5DDA3A9A7FA2C2A681A1F359428ACD44D404&name=5D19B076A7FE06A1&yznumber=DDB1874FEE693E93, line 96: TypeError: document.getElementById(...) is null
JavaScript error: http://211.166.76.62/2019cjfb/printInfo.do?activity=cjddy&number=64F52120F00E5DDA64D9CCA88C5AADBDB6A29DB1541E5BC9&name=CE3EF08BD13E1D91&yznumber=DDB1874FEE693E93, line 96: TypeError: document.getElementById(...) is null
JavaScript error: http://211.166.76.62/2019cjfb/printInfo.do?activity=cjddy&number=64F52120F00E5DDA64D9CCA88C5AADBDB6A29DB1541E5BC9&name=CE3EF08BD13E1D91&yznumber=DDB1874FEE693E93, line 96: TypeError: document.getElementById(...) is null
JavaScript error: http://211.166.76.62/2019cjfb/printInfo.do?activity=cjddy&number=64F52120F00E5DDA64D9CCA88C5AADBDB6A29DB1541E5BC9&name=CE3EF08BD13E1D91&yznumber=DDB1874FEE693E93, line 96: TypeError: document.getElementById(...) is null
JavaScript error: http://211.166.76.62/2019cjfb/printInfo.do?activity=cjddy&number=64F52120F00E5DDA64D9CCA88C5AADBDB6A29DB1541E5BC9&name=CE3EF08BD13E1D91&yznumber=DDB1874FEE693E93, line 96: TypeError: document.getElementById(...) is null
JavaScript error: http://211.166.76.62/2019cjfb/printInfo.do?activity=cjddy&number=64F52120F00E5DDA68F89A6CD6F4C83E2CB63ED4AC4025B9&name=94A560DC357CE544&yznumber=DDB1874FEE693E93, line 96: TypeError: document.getElementById(...) is null
JavaScript error: http://211.166.76.62/2019cjfb/printInfo.do?activity=cjddy&number=64F52120F00E5DDA68F89A6CD6F4C83E2CB63ED4AC4025B9&name=94A560DC357CE544&yznumber=DDB1874FEE693E93, line 96: TypeError: document.getElementById(...) is null
JavaScript error: http://211.166.76.62/2019cjfb/printInfo.do?activity=cjddy&number=64F52120F00E5DDA68F89A6CD6F4C83E2CB63ED4AC4025B9&name=94A560DC357CE544&yznumber=DDB1874FEE693E93, line 96: TypeError: document.getElementById(...) is null
JavaScript error: http://211.166.76.62/2019cjfb/printInfo.do?activity=cjddy&number=64F52120F00E5DDA68F89A6CD6F4C83E2CB63ED4AC4025B9&name=94A560DC357CE544&yznumber=DDB1874FEE693E93, line 96: TypeError: document.getElementById(...) is null
console.error: BroadcastService: 
  receivedBroadcastMessage: handler for
  remote-settings/monitor_changes
  threw error:
  Message: Error: Polling for changes failed: http://%(server)s/dummy/blocklist//buckets/monitor/collections/changes/records?_expected=%221560874615921%22 is not a valid URL..
  Stack:
    remoteSettingsFunction/remoteSettings.pollChanges@resource://services-settings/remote-settings.js:203:13

1560931833096	Marionette	WARN	TimedPromise timed out after 500 ms: stacktrace:
bail@chrome://marionette/content/sync.js:223:64
1560931835024	Marionette	WARN	TimedPromise timed out after 500 ms: stacktrace:
bail@chrome://marionette/content/sync.js:223:64
1560931854225	Marionette	WARN	TimedPromise timed out after 500 ms: stacktrace:
bail@chrome://marionette/content/sync.js:223:64
1560931886250	Marionette	WARN	TimedPromise timed out after 500 ms: stacktrace:
bail@chrome://marionette/content/sync.js:223:64
[Parent 5944, Gecko_IOThread] WARNING: pipe error: 109: file z:/task_1559936101/build/src/ipc/chromium/src/chrome/common/ipc_channel_win.cc, line 341
[Child 10356, Chrome_ChildThread] WARNING: pipe error: 109: file z:/task_1559936101/build/src/ipc/chromium/src/chrome/common/ipc_channel_win.cc, line 341[
Child 5776, Chrome_[ChildThread] WARNING: pipe error: 109: file z:/task_1559936101/build/src/ipc/chromium/src/chrome/common/ipc_channel_win.cc, line 341
[Child 577[Child 14924, Chrome_ChildThread] WARNING: pipe error: 109: file z:/task_1559936101/build/src/ipc/chromium/src/chrome/common/ipc_channel_win.cc, line 341
[Child 14924, Chrome_ChildThread] WARNING: pipe error: 109: file z:/task_1559936101/build/src/ipc/chromium/src/chrome/common/1560932539702	Marionette	INFO	Stopped listening on port 59386

###!!! [Child][RunMessage] Error: Channel closing: too late to send/recv, messages will be lost

[GPU 
###!!! [Child][MessageChannel::SendAndWait] Error: Channel error: cannot send/recv

1560935541914	mozrunner::runner	INFO	Running command: "E:\\SOFT\\Firefox\\firefox.exe" "-marionette" "-foreground" "-no-remote" "-profile" "C:\\Users\\ADMINI~1\\AppData\\Local\\Temp\\rust_mozprofile.NdhnvSgIKhzm"
1560935542672	addons.webextension.screenshots@mozilla.org	WARN	Loading extension 'screenshots@mozilla.org': Reading manifest: Invalid extension permission: mozillaAddons
1560935542687	addons.webextension.screenshots@mozilla.org	WARN	Loading extension 'screenshots@mozilla.org': Reading manifest: Invalid extension permission: resource://pdf.js/
1560935542687	addons.webextension.screenshots@mozilla.org	WARN	Loading extension 'screenshots@mozilla.org': Reading manifest: Invalid extension permission: about:reader*
1560935544452	Marionette	INFO	Listening on port 60299
1560935544687	Marionette	WARN	TLS certificate errors will be ignored for this session
console.error: BroadcastService: 
  receivedBroadcastMessage: handler for
  remote-settings/monitor_changes
  threw error:
  Message: Error: Polling for changes failed: http://%(server)s/dummy/blocklist//buckets/monitor/collections/changes/records?_expected=%221560874615921%22 is not a valid URL..
  Stack:
    remoteSettingsFunction/remoteSettings.pollChanges@resource://services-settings/remote-settings.js:203:13

1560935763666	Marionette	WARN	TimedPromise timed out after 500 ms: stacktrace:
bail@chrome://marionette/content/sync.js:223:64
[Child 15160, Chrome_ChildThread] WARNING: pipe error: 109: file z:/task_1559936101/build/src/ipc/chromium/src/chrome/common/ipc_channel_win.cc, line 341
[Child 15160, Chrome_Chil[Child 12612, Chrome_ChildThread] WARNING: pipe error: 109: file z:/task_1559936101/build/src/ipc/chromium/src/chrome/common/ipc_channel_win.cc, line 341
[Child 12612, Chrome[Parent 16012, Gecko_IOThread] WARNING: pipe error: 109: file z:/task_1559936101/build/src/ipc/chromium/src/chrome/common/ipc_channel_win.cc, line 341
[Child 12684, Chrome_ChildThread] WARNING: pipe error: 109: file z:/task_1559936101/build/src/ipc/chromium/src/chrome/common/ipc_channel_win.cc, line 341
[Child 1[Parent 16012, Gecko_IOThread] WARNING: file z:/task_1559936101/build/src/ipc/chromium/src/base/process_util_win.cc, line 160
1560939384131	Marionette	INFO	Stopped listening on port 60299
1560941842512	mozrunner::runner	INFO	Running command: "E:\\SOFT\\Firefox\\firefox.exe" "-marionette" "-foreground" "-no-remote" "-profile" "C:\\Users\\ADMINI~1\\AppData\\Local\\Temp\\rust_mozprofile.Mr0ndLFVYYSk"
1560941843979	addons.webextension.screenshots@mozilla.org	WARN	Loading extension 'screenshots@mozilla.org': Reading manifest: Invalid extension permission: mozillaAddons
1560941843979	addons.webextension.screenshots@mozilla.org	WARN	Loading extension 'screenshots@mozilla.org': Reading manifest: Invalid extension permission: resource://pdf.js/
1560941843979	addons.webextension.screenshots@mozilla.org	WARN	Loading extension 'screenshots@mozilla.org': Reading manifest: Invalid extension permission: about:reader*
1560941848250	Marionette	INFO	Listening on port 61844
[Child 15968, Chrome_ChildThread] WARNING: pipe error: 109: file z:/task_1559936101/build/src/ipc/chromium/src/chrome/common/ipc_channel_win.cc, line 341
[Child 15968, Chrome_ChildThread1560941848657	Marionette	WARN	TLS certificate errors will be ignored for this session
[Parent 16288, Gecko_IOThread] WARNING: pipe error: 109: file z:/task_1559936101/build/src/ipc/chromium/src/chrome/common/ipc_channel_win.cc, line 341
[Parent 16288, Gecko_IOThread] WARNING: pipe error: 109: file1560942731578	addons.webextension.screenshots@mozilla.org	WARN	Loading extension 'screenshots@mozilla.org': Reading manifest: Invalid extension permission: mozillaAddons
1560942731578	addons.webextension.screenshots@mozilla.org	WARN	Loading extension 'screenshots@mozilla.org': Reading manifest: Invalid extension permission: resource://pdf.js/
1560942731578	addons.webextension.screenshots@mozilla.org	WARN	Loading extension 'screenshots@mozilla.org': Reading manifest: Invalid extension permission: about:reader*
[Parent 3404, Gecko_IOThread] WARNING: pipe error: 109: file z:/task_1559936101/build/src/ipc/chromium/src/chrome/common/ipc_channel_win.cc, line 341
[Child 8516, Chrome_ChildThread] WARNING: pipe error: 109: file z:/task_1559936101/build/src/ipc/chromium/src/chrome/common/ipc_channel_win.cc, line 341
[Child 8516, Chrome_Chi1560942734995	Marionette	INFO	Listening on port 62022
1560942735143	Marionette	WARN	TLS certificate errors will be ignored for this session
[Child 10820, Chrome_ChildThread] WARNING: pipe error: 109: file z:/task_1559936101/build/src/ipc/chromium/src/chrome/common/ipc_channel_win.cc, line 341
[Child 1082[Child 9768, Chrome_ChildThread] WARNING: pipe error: 109: file z:/task_1559936101/build/src/ipc/chromium/src/chrome/common/ipc_channel_win.cc, line 341
[Child 9768, Chrome_ChildThread] WARNING: pipe error: 109: file z:/task_1559936101/build/src/ipc/[Child 15536, Chrome_ChildThread] WARNING: pipe error: 109: file z:/task_1559936101/build/src/ipc/chromium/src/chrome/common/ipc_channel_win.cc, line 341
[Child 15536,1560943246898	Marionette	INFO	Stopped listening on port 62022
[GPU 6696,
###!!! [Child][MessageChannel::SendAndWait] Error: Channel error: cannot send/recv

1561013620852	mozrunner::runner	INFO	Running command: "E:\\SOFT\\Firefox\\firefox.exe" "-marionette" "-headless" "-foreground" "-no-remote" "-profile" "C:\\Users\\ADMINI~1\\AppData\\Local\\Temp\\rust_mozprofile.qauVoCuvbEja"
*** You are running in headless mode.
1561013621261	addons.webextension.screenshots@mozilla.org	WARN	Loading extension 'screenshots@mozilla.org': Reading manifest: Invalid extension permission: mozillaAddons
1561013621261	addons.webextension.screenshots@mozilla.org	WARN	Loading extension 'screenshots@mozilla.org': Reading manifest: Invalid extension permission: resource://pdf.js/
1561013621261	addons.webextension.screenshots@mozilla.org	WARN	Loading extension 'screenshots@mozilla.org': Reading manifest: Invalid extension permission: about:reader*
1561013622479	Marionette	INFO	Listening on port 60918
1561013622486	Marionette	WARN	TLS certificate errors will be ignored for this session
1561013624020	Marionette	INFO	Stopped listening on port 60918
[Child 24176, Chrome_ChildThread] WARNING: pipe error: 109: file z:/task_1560820494/build/src/ipc/chromium/src/chrome/common/ipc_chann[eClh_iwlidn.cc, line 341 
24508, Chrome_ChildThread] WARNING: pipe error: 109: file z:/task_1560820494/build/src/ipc/chromium/src/chrome/common/ipc_channel_win.cc, line 341
[Child 24508, Chrome[Parent 21828, Gecko_IOThread] WARNING: pipe error: 109: file z:/task_1560820494/build/src/ipc/chromium/src/chrome/common/ipc_channel_win.cc, line 341
[Child 20644, Chrome_ChildThread] WARNING: pipe error: 109: file z:/task_1560820494/build/src/ipc/chromium/src/chrome/common/ipc_channel_win.cc, line 341
[Child 201561013628754	mozrunner::runner	INFO	Running command: "E:\\SOFT\\Firefox\\firefox.exe" "-marionette" "-headless" "-foreground" "-no-remote" "-profile" "C:\\Users\\ADMINI~1\\AppData\\Local\\Temp\\rust_mozprofile.JYcKpRejvmfZ"
*** You are running in headless mode.
1561013629370	addons.webextension.screenshots@mozilla.org	WARN	Loading extension 'screenshots@mozilla.org': Reading manifest: Invalid extension permission: mozillaAddons
1561013629370	addons.webextension.screenshots@mozilla.org	WARN	Loading extension 'screenshots@mozilla.org': Reading manifest: Invalid extension permission: resource://pdf.js/
1561013629370	addons.webextension.screenshots@mozilla.org	WARN	Loading extension 'screenshots@mozilla.org': Reading manifest: Invalid extension permission: about:reader*
1561013630490	Marionette	INFO	Listening on port 60962
1561013630643	Marionette	WARN	TLS certificate errors will be ignored for this session
console.error: BroadcastService: 
  receivedBroadcastMessage: handler for
  remote-settings/monitor_changes
  threw error:
  Message: Error: Polling for changes failed: http://%(server)s/dummy/blocklist//buckets/monitor/collections/changes/records?_expected=%221560988804002%22 is not a valid URL..
  Stack:
    remoteSettingsFunction/remoteSettings.pollChanges@resource://services-settings/remote-settings.js:203:13

Exiting due to channel error.
ebextension.screenshots@mozilla.org	WARN	Loading extension 'screenshots@mozilla.org': Reading manifest: Invalid extension permission: resource://pdf.js/
1561013681607	addons.webextension.screenshots@mozilla.org	WARN	Loading extension 'screenshots@mozilla.org': Reading manifest: Invalid extension permission: about:reader*
1561013682702	Marionette	INFO	Listening on port 61059
1561013682896	Marionette	WARN	TLS certificate errors will be ignored for this session
1561013684436	Marionette	INFO	Stopped listening on port 61059
[Child 19836, Chrome_ChildThread] WARNING: pipe error: 109: file z:/task_1560820494/build/src/ipc/chromium/src/chrome/common/ipc_channel_win.cc, line 341
[Child 1983[Child 22548, Chrome_ChildThread] WARNING: pipe error: 109: file z:/task_1560820494/build/src/ipc/chromium/src/chrome/common/ipc_channel_win.cc, line 341
[Child 21561013689194	mozrunner::runner	INFO	Running command: "E:\\SOFT\\Firefox\\firefox.exe" "-marionette" "-headless" "-foreground" "-no-remote" "-profile" "C:\\Users\\ADMINI~1\\AppData\\Local\\Temp\\rust_mozprofile.An8gwOI3nqA1"
*** You are running in headless mode.
1561013689529	addons.webextension.screenshots@mozilla.org	WARN	Loading extension 'screenshots@mozilla.org': Reading manifest: Invalid extension permission: mozillaAddons
1561013689529	addons.webextension.screenshots@mozilla.org	WARN	Loading extension 'screenshots@mozilla.org': Reading manifest: Invalid extension permission: resource://pdf.js/
1561013689529	addons.webextension.screenshots@mozilla.org	WARN	Loading extension 'screenshots@mozilla.org': Reading manifest: Invalid extension permission: about:reader*
1561013690624	Marionette	INFO	Listening on port 61103
1561013690827	Marionette	WARN	TLS certificate errors will be ignored for this session
console.error: BroadcastService: 
  receivedBroadcastMessage: handler for
  remote-settings/monitor_changes
  threw error:
  Message: Error: Polling for changes failed: http://%(server)s/dummy/blocklist//buckets/monitor/collections/changes/records?_expected=%221560988804002%22 is not a valid URL..
  Stack:
    remoteSettingsFunction/remoteSettings.pollChanges@resource://services-settings/remote-settings.js:203:13

Exiting due to channel error.
Exiting due to channel error.
[GFX1-]: Receive IPC close with reason=AbnormalShutdown
Exiting due to channel error.
on permission: resource://pdf.js/
1561013725003	addons.webextension.screenshots@mozilla.org	WARN	Loading extension 'screenshots@mozilla.org': Reading manifest: Invalid extension permission: about:reader*
1561013726141	Marionette	INFO	Listening on port 61179
1561013726285	Marionette	WARN	TLS certificate errors will be ignored for this session
1561013727860	Marionette	INFO	Stopped listening on port 61179
[Child 24752, Chrome_ChildThread] WARNING: pipe error: 109: file z:/task_1560820494/build/src/ipc/chromium/src/chrome/common/ipc_channel_win.cc, line 341
[Child 24752, Chrome_ChildThread] WARNING: pipe error: 11561013732592	mozrunner::runner	INFO	Running command: "E:\\SOFT\\Firefox\\firefox.exe" "-marionette" "-headless" "-foreground" "-no-remote" "-profile" "C:\\Users\\ADMINI~1\\AppData\\Local\\Temp\\rust_mozprofile.dLvnXEpaBh4p"
*** You are running in headless mode.
1561013732917	addons.webextension.screenshots@mozilla.org	WARN	Loading extension 'screenshots@mozilla.org': Reading manifest: Invalid extension permission: mozillaAddons
1561013732917	addons.webextension.screenshots@mozilla.org	WARN	Loading extension 'screenshots@mozilla.org': Reading manifest: Invalid extension permission: resource://pdf.js/
1561013732917	addons.webextension.screenshots@mozilla.org	WARN	Loading extension 'screenshots@mozilla.org': Reading manifest: Invalid extension permission: about:reader*
1561013734101	Marionette	INFO	Listening on port 61228
1561013734222	Marionette	WARN	TLS certificate errors will be ignored for this session
console.error: BroadcastService: 
  receivedBroadcastMessage: handler for
  remote-settings/monitor_changes
  threw error:
  Message: Error: Polling for changes failed: http://%(server)s/dummy/blocklist//buckets/monitor/collections/changes/records?_expected=%221560988804002%22 is not a valid URL..
  Stack:
    remoteSettingsFunction/remoteSettings.pollChanges@resource://services-settings/remote-settings.js:203:13

Exiting due to channel error.
	INFO	Running command: "E:\\SOFT\\Firefox\\firefox.exe" "-marionette" "-headless" "-foreground" "-no-remote" "-profile" "C:\\Users\\ADMINI~1\\AppData\\Local\\Temp\\rust_mozprofile.jM4zoTYX51Sh"
*** You are running in headless mode.
1561013961810	addons.webextension.screenshots@mozilla.org	WARN	Loading extension 'screenshots@mozilla.org': Reading manifest: Invalid extension permission: mozillaAddons
1561013961810	addons.webextension.screenshots@mozilla.org	WARN	Loading extension 'screenshots@mozilla.org': Reading manifest: Invalid extension permission: resource://pdf.js/
1561013961810	addons.webextension.screenshots@mozilla.org	WARN	Loading extension 'screenshots@mozilla.org': Reading manifest: Invalid extension permission: about:reader*
1561013963178	Marionette	INFO	Listening on port 61490
1561013963589	Marionette	WARN	TLS certificate errors will be ignored for this session
1561013965130	Marionette	INFO	Stopped listening on port 61490
[Child 22848, Chrome_ChildThread] WARNING: pipe error: 109: file z:/task_1560820494/build/src/ipc/chromium/src/chrome/common/ipc_channel_win.cc, line 341
[Child 2[Child 22616, Chrome_ChildThread] WARNING: pipe error: 109: file z:/task_1560820494/build/src/ipc/chromium/src/chrome/common/ipc_channel_win.cc, line 341
[Child 22616, Chrome[Child 22176, Chrome_ChildThread] WARNING: pipe error: 109: file z:/task_1560820494/build/src/ipc/chromium/src/chrome/common/ipc_channel_win.cc, line 341
[Child 221561013969852	mozrunner::runner	INFO	Running command: "E:\\SOFT\\Firefox\\firefox.exe" "-marionette" "-headless" "-foreground" "-no-remote" "-profile" "C:\\Users\\ADMINI~1\\AppData\\Local\\Temp\\rust_mozprofile.TPEyIT7yLAsX"
*** You are running in headless mode.
1561013970180	addons.webextension.screenshots@mozilla.org	WARN	Loading extension 'screenshots@mozilla.org': Reading manifest: Invalid extension permission: mozillaAddons
1561013970181	addons.webextension.screenshots@mozilla.org	WARN	Loading extension 'screenshots@mozilla.org': Reading manifest: Invalid extension permission: resource://pdf.js/
1561013970181	addons.webextension.screenshots@mozilla.org	WARN	Loading extension 'screenshots@mozilla.org': Reading manifest: Invalid extension permission: about:reader*
1561013971242	Marionette	INFO	Listening on port 61535
1561013971473	Marionette	WARN	TLS certificate errors will be ignored for this session
console.error: BroadcastService: 
  receivedBroadcastMessage: handler for
  remote-settings/monitor_changes
  threw error:
  Message: Error: Polling for changes failed: http://%(server)s/dummy/blocklist//buckets/monitor/collections/changes/records?_expected=%221560988804002%22 is not a valid URL..
  Stack:
    remoteSettingsFunction/remoteSettings.pollChanges@resource://services-settings/remote-settings.js:203:13

Exiting due to channel error.
Exiting due to channel error.
Exiting due to channel error.
